# JRE version: OpenJDK Runtime Environment (8.0_152-b06) (build 1.8.0_152-release-1136-b06)
# Java VM: OpenJDK 64-Bit Server VM (25.152-b06 mixed mode windows-amd64 compressed oops)
Heap:
 PSYoungGen      total 226816K, used 141349K [0x00000000e0000000, 0x00000000f2800000, 0x0000000100000000)
  eden space 201216K, 58% used [0x00000000e0000000,0x00000000e7362210,0x00000000ec480000)
  from space 25600K, 90% used [0x00000000ec480000,0x00000000edb27350,0x00000000edd80000)
  to   space 28160K, 0% used [0x00000000f0c80000,0x00000000f0c80000,0x00000000f2800000)
 ParOldGen       total 240640K, used 35633K [0x00000000a0000000, 0x00000000aeb00000, 0x00000000e0000000)
  object space 240640K, 14% used [0x00000000a0000000,0x00000000a22cc4b8,0x00000000aeb00000)
 Metaspace       used 77627K, capacity 80469K, committed 80600K, reserved 1120256K
  class space    used 10161K, capacity 10726K, committed 10752K, reserved 1048576K
GC Heap History (10 events):
Event: 12.307 GC heap before
{Heap before GC invocations=8 (full 2):
 PSYoungGen      total 138240K, used 127488K [0x00000000e0000000, 0x00000000ea500000, 0x0000000100000000)
  eden space 127488K, 100% used [0x00000000e0000000,0x00000000e7c80000,0x00000000e7c80000)
  from space 10752K, 0% used [0x00000000e7c80000,0x00000000e7c80000,0x00000000e8700000)
  to   space 13824K, 0% used [0x00000000e9780000,0x00000000e9780000,0x00000000ea500000)
 ParOldGen       total 168960K, used 19087K [0x00000000a0000000, 0x00000000aa500000, 0x00000000e0000000)
  object space 168960K, 11% used [0x00000000a0000000,0x00000000a12a3f90,0x00000000aa500000)
 Metaspace       used 42780K, capacity 43661K, committed 43992K, reserved 1087488K
  class space    used 5793K, capacity 6068K, committed 6144K, reserved 1048576K
Event: 12.321 GC heap after
Heap after GC invocations=8 (full 2):
 PSYoungGen      total 152576K, used 13818K [0x00000000e0000000, 0x00000000edc80000, 0x0000000100000000)
  eden space 138752K, 0% used [0x00000000e0000000,0x00000000e0000000,0x00000000e8780000)
  from space 13824K, 99% used [0x00000000e9780000,0x00000000ea4fea68,0x00000000ea500000)
  to   space 16384K, 0% used [0x00000000e8780000,0x00000000e8780000,0x00000000e9780000)
 ParOldGen       total 168960K, used 20314K [0x00000000a0000000, 0x00000000aa500000, 0x00000000e0000000)
  object space 168960K, 12% used [0x00000000a0000000,0x00000000a13d6820,0x00000000aa500000)
 Metaspace       used 42780K, capacity 43661K, committed 43992K, reserved 1087488K
  class space    used 5793K, capacity 6068K, committed 6144K, reserved 1048576K
}
Event: 13.877 GC heap before
{Heap before GC invocations=9 (full 2):
 PSYoungGen      total 152576K, used 152570K [0x00000000e0000000, 0x00000000edc80000, 0x0000000100000000)
  eden space 138752K, 100% used [0x00000000e0000000,0x00000000e8780000,0x00000000e8780000)
  from space 13824K, 99% used [0x00000000e9780000,0x00000000ea4fea68,0x00000000ea500000)
  to   space 16384K, 0% used [0x00000000e8780000,0x00000000e8780000,0x00000000e9780000)
 ParOldGen       total 168960K, used 20314K [0x00000000a0000000, 0x00000000aa500000, 0x00000000e0000000)
  object space 168960K, 12% used [0x00000000a0000000,0x00000000a13d6820,0x00000000aa500000)
 Metaspace       used 55124K, capacity 56765K, committed 56792K, reserved 1097728K
  class space    used 7539K, capacity 7930K, committed 7936K, reserved 1048576K
Event: 13.893 GC heap after
Heap after GC invocations=9 (full 2):
 PSYoungGen      total 155136K, used 16365K [0x00000000e0000000, 0x00000000ef380000, 0x0000000100000000)
  eden space 138752K, 0% used [0x00000000e0000000,0x00000000e0000000,0x00000000e8780000)
  from space 16384K, 99% used [0x00000000e8780000,0x00000000e977b530,0x00000000e9780000)
  to   space 22016K, 0% used [0x00000000ede00000,0x00000000ede00000,0x00000000ef380000)
 ParOldGen       total 168960K, used 26987K [0x00000000a0000000, 0x00000000aa500000, 0x00000000e0000000)
  object space 168960K, 15% used [0x00000000a0000000,0x00000000a1a5ae88,0x00000000aa500000)
 Metaspace       used 55124K, capacity 56765K, committed 56792K, reserved 1097728K
  class space    used 7539K, capacity 7930K, committed 7936K, reserved 1048576K
}
Event: 15.569 GC heap before
{Heap before GC invocations=10 (full 2):
 PSYoungGen      total 155136K, used 94485K [0x00000000e0000000, 0x00000000ef380000, 0x0000000100000000)
  eden space 138752K, 56% used [0x00000000e0000000,0x00000000e4c4a120,0x00000000e8780000)
  from space 16384K, 99% used [0x00000000e8780000,0x00000000e977b530,0x00000000e9780000)
  to   space 22016K, 0% used [0x00000000ede00000,0x00000000ede00000,0x00000000ef380000)
 ParOldGen       total 168960K, used 26987K [0x00000000a0000000, 0x00000000aa500000, 0x00000000e0000000)
  object space 168960K, 15% used [0x00000000a0000000,0x00000000a1a5ae88,0x00000000aa500000)
 Metaspace       used 57218K, capacity 58837K, committed 58968K, reserved 1099776K
  class space    used 7801K, capacity 8208K, committed 8320K, reserved 1048576K
Event: 15.585 GC heap after
Heap after GC invocations=10 (full 2):
 PSYoungGen      total 223232K, used 21997K [0x00000000e0000000, 0x00000000ef680000, 0x0000000100000000)
  eden space 201216K, 0% used [0x00000000e0000000,0x00000000e0000000,0x00000000ec480000)
  from space 22016K, 99% used [0x00000000ede00000,0x00000000ef37b530,0x00000000ef380000)
  to   space 25600K, 0% used [0x00000000ec480000,0x00000000ec480000,0x00000000edd80000)
 ParOldGen       total 168960K, used 27812K [0x00000000a0000000, 0x00000000aa500000, 0x00000000e0000000)
  object space 168960K, 16% used [0x00000000a0000000,0x00000000a1b291f8,0x00000000aa500000)
 Metaspace       used 57218K, capacity 58837K, committed 58968K, reserved 1099776K
  class space    used 7801K, capacity 8208K, committed 8320K, reserved 1048576K
}
Event: 15.585 GC heap before
{Heap before GC invocations=11 (full 3):
 PSYoungGen      total 223232K, used 21997K [0x00000000e0000000, 0x00000000ef680000, 0x0000000100000000)
  eden space 201216K, 0% used [0x00000000e0000000,0x00000000e0000000,0x00000000ec480000)
  from space 22016K, 99% used [0x00000000ede00000,0x00000000ef37b530,0x00000000ef380000)
  to   space 25600K, 0% used [0x00000000ec480000,0x00000000ec480000,0x00000000edd80000)
 ParOldGen       total 168960K, used 27812K [0x00000000a0000000, 0x00000000aa500000, 0x00000000e0000000)
  object space 168960K, 16% used [0x00000000a0000000,0x00000000a1b291f8,0x00000000aa500000)
 Metaspace       used 57218K, capacity 58837K, committed 58968K, reserved 1099776K
  class space    used 7801K, capacity 8208K, committed 8320K, reserved 1048576K
Event: 15.703 GC heap after
Heap after GC invocations=11 (full 3):
 PSYoungGen      total 223232K, used 0K [0x00000000e0000000, 0x00000000ef680000, 0x0000000100000000)
  eden space 201216K, 0% used [0x00000000e0000000,0x00000000e0000000,0x00000000ec480000)
  from space 22016K, 0% used [0x00000000ede00000,0x00000000ede00000,0x00000000ef380000)
  to   space 25600K, 0% used [0x00000000ec480000,0x00000000ec480000,0x00000000edd80000)
 ParOldGen       total 240640K, used 35625K [0x00000000a0000000, 0x00000000aeb00000, 0x00000000e0000000)
  object space 240640K, 14% used [0x00000000a0000000,0x00000000a22ca4b8,0x00000000aeb00000)
 Metaspace       used 57218K, capacity 58837K, committed 58968K, reserved 1099776K
  class space    used 7801K, capacity 8208K, committed 8320K, reserved 1048576K
}
Event: 21.484 GC heap before
{Heap before GC invocations=12 (full 3):
 PSYoungGen      total 223232K, used 201216K [0x00000000e0000000, 0x00000000ef680000, 0x0000000100000000)
  eden space 201216K, 100% used [0x00000000e0000000,0x00000000ec480000,0x00000000ec480000)
  from space 22016K, 0% used [0x00000000ede00000,0x00000000ede00000,0x00000000ef380000)
  to   space 25600K, 0% used [0x00000000ec480000,0x00000000ec480000,0x00000000edd80000)
 ParOldGen       total 240640K, used 35625K [0x00000000a0000000, 0x00000000aeb00000, 0x00000000e0000000)
  object space 240640K, 14% used [0x00000000a0000000,0x00000000a22ca4b8,0x00000000aeb00000)
 Metaspace       used 70261K, capacity 72373K, committed 72536K, reserved 1112064K
  class space    used 9303K, capacity 9778K, committed 9856K, reserved 1048576K
Event: 21.517 GC heap after
Heap after GC invocations=12 (full 3):
 PSYoungGen      total 226816K, used 23196K [0x00000000e0000000, 0x00000000f2800000, 0x0000000100000000)
  eden space 201216K, 0% used [0x00000000e0000000,0x00000000e0000000,0x00000000ec480000)
  from space 25600K, 90% used [0x00000000ec480000,0x00000000edb27350,0x00000000edd80000)
  to   space 28160K, 0% used [0x00000000f0c80000,0x00000000f0c80000,0x00000000f2800000)
 ParOldGen       total 240640K, used 35633K [0x00000000a0000000, 0x00000000aeb00000, 0x00000000e0000000)
  object space 240640K, 14% used [0x00000000a0000000,0x00000000a22cc4b8,0x00000000aeb00000)
 Metaspace       used 70261K, capacity 72373K, committed 72536K, reserved 1112064K
  class space    used 9303K, capacity 9778K, committed 9856K, reserved 1048576K
}

