# JRE version: OpenJDK Runtime Environment (8.0_152-b06) (build 1.8.0_152-release-1136-b06)
# Java VM: OpenJDK 64-Bit Server VM (25.152-b06 mixed mode windows-amd64 compressed oops)
Heap:
 PSYoungGen      total 301056K, used 253285K [0x00000000e0000000, 0x00000000f8100000, 0x0000000100000000)
  eden space 274432K, 84% used [0x00000000e0000000,0x00000000ee3c3c28,0x00000000f0c00000)
  from space 26624K, 75% used [0x00000000f0c00000,0x00000000f1f95a48,0x00000000f2600000)
  to   space 27648K, 0% used [0x00000000f6600000,0x00000000f6600000,0x00000000f8100000)
 ParOldGen       total 282112K, used 113039K [0x00000000a0000000, 0x00000000b1380000, 0x00000000e0000000)
  object space 282112K, 40% used [0x00000000a0000000,0x00000000a6e63d88,0x00000000b1380000)
 Metaspace       used 79483K, capacity 82746K, committed 82904K, reserved 1122304K
  class space    used 10186K, capacity 10925K, committed 10968K, reserved 1048576K
GC Heap History (10 events):
Event: 29.177 GC heap before
{Heap before GC invocations=14 (full 3):
 PSYoungGen      total 218112K, used 217914K [0x00000000e0000000, 0x00000000f0380000, 0x0000000100000000)
  eden space 207872K, 100% used [0x00000000e0000000,0x00000000ecb00000,0x00000000ecb00000)
  from space 10240K, 98% used [0x00000000ef980000,0x00000000f034eba8,0x00000000f0380000)
  to   space 26112K, 0% used [0x00000000ed080000,0x00000000ed080000,0x00000000eea00000)
 ParOldGen       total 282112K, used 45837K [0x00000000a0000000, 0x00000000b1380000, 0x00000000e0000000)
  object space 282112K, 16% used [0x00000000a0000000,0x00000000a2cc3628,0x00000000b1380000)
 Metaspace       used 65599K, capacity 67994K, committed 68184K, reserved 1107968K
  class space    used 8675K, capacity 9261K, committed 9304K, reserved 1048576K
Event: 29.188 GC heap after
Heap after GC invocations=14 (full 3):
 PSYoungGen      total 239616K, used 11492K [0x00000000e0000000, 0x00000000f2080000, 0x0000000100000000)
  eden space 213504K, 0% used [0x00000000e0000000,0x00000000e0000000,0x00000000ed080000)
  from space 26112K, 44% used [0x00000000ed080000,0x00000000edbb9028,0x00000000eea00000)
  to   space 25088K, 0% used [0x00000000f0800000,0x00000000f0800000,0x00000000f2080000)
 ParOldGen       total 282112K, used 45845K [0x00000000a0000000, 0x00000000b1380000, 0x00000000e0000000)
  object space 282112K, 16% used [0x00000000a0000000,0x00000000a2cc5628,0x00000000b1380000)
 Metaspace       used 65599K, capacity 67994K, committed 68184K, reserved 1107968K
  class space    used 8675K, capacity 9261K, committed 9304K, reserved 1048576K
}
Event: 147.999 GC heap before
{Heap before GC invocations=15 (full 3):
 PSYoungGen      total 239616K, used 224996K [0x00000000e0000000, 0x00000000f2080000, 0x0000000100000000)
  eden space 213504K, 100% used [0x00000000e0000000,0x00000000ed080000,0x00000000ed080000)
  from space 26112K, 44% used [0x00000000ed080000,0x00000000edbb9028,0x00000000eea00000)
  to   space 25088K, 0% used [0x00000000f0800000,0x00000000f0800000,0x00000000f2080000)
 ParOldGen       total 282112K, used 45845K [0x00000000a0000000, 0x00000000b1380000, 0x00000000e0000000)
  object space 282112K, 16% used [0x00000000a0000000,0x00000000a2cc5628,0x00000000b1380000)
 Metaspace       used 70088K, capacity 72830K, committed 73176K, reserved 1112064K
  class space    used 9162K, capacity 9821K, committed 9944K, reserved 1048576K
Event: 148.015 GC heap after
Heap after GC invocations=15 (full 3):
 PSYoungGen      total 268288K, used 14532K [0x00000000e0000000, 0x00000000f1f00000, 0x0000000100000000)
  eden space 244736K, 0% used [0x00000000e0000000,0x00000000e0000000,0x00000000eef00000)
  from space 23552K, 61% used [0x00000000f0800000,0x00000000f16310c0,0x00000000f1f00000)
  to   space 24576K, 0% used [0x00000000eef00000,0x00000000eef00000,0x00000000f0700000)
 ParOldGen       total 282112K, used 45853K [0x00000000a0000000, 0x00000000b1380000, 0x00000000e0000000)
  object space 282112K, 16% used [0x00000000a0000000,0x00000000a2cc7628,0x00000000b1380000)
 Metaspace       used 70088K, capacity 72830K, committed 73176K, reserved 1112064K
  class space    used 9162K, capacity 9821K, committed 9944K, reserved 1048576K
}
Event: 151.688 GC heap before
{Heap before GC invocations=16 (full 3):
 PSYoungGen      total 268288K, used 259268K [0x00000000e0000000, 0x00000000f1f00000, 0x0000000100000000)
  eden space 244736K, 100% used [0x00000000e0000000,0x00000000eef00000,0x00000000eef00000)
  from space 23552K, 61% used [0x00000000f0800000,0x00000000f16310c0,0x00000000f1f00000)
  to   space 24576K, 0% used [0x00000000eef00000,0x00000000eef00000,0x00000000f0700000)
 ParOldGen       total 282112K, used 45853K [0x00000000a0000000, 0x00000000b1380000, 0x00000000e0000000)
  object space 282112K, 16% used [0x00000000a0000000,0x00000000a2cc7628,0x00000000b1380000)
 Metaspace       used 70906K, capacity 73646K, committed 73944K, reserved 1114112K
  class space    used 9270K, capacity 9897K, committed 9944K, reserved 1048576K
Event: 151.704 GC heap after
Heap after GC invocations=16 (full 3):
 PSYoungGen      total 269312K, used 12370K [0x00000000e0000000, 0x00000000f3d00000, 0x0000000100000000)
  eden space 244736K, 0% used [0x00000000e0000000,0x00000000e0000000,0x00000000eef00000)
  from space 24576K, 50% used [0x00000000eef00000,0x00000000efb14a78,0x00000000f0700000)
  to   space 23552K, 0% used [0x00000000f2600000,0x00000000f2600000,0x00000000f3d00000)
 ParOldGen       total 282112K, used 45861K [0x00000000a0000000, 0x00000000b1380000, 0x00000000e0000000)
  object space 282112K, 16% used [0x00000000a0000000,0x00000000a2cc9628,0x00000000b1380000)
 Metaspace       used 70906K, capacity 73646K, committed 73944K, reserved 1114112K
  class space    used 9270K, capacity 9897K, committed 9944K, reserved 1048576K
}
Event: 163.432 GC heap before
{Heap before GC invocations=17 (full 3):
 PSYoungGen      total 269312K, used 257106K [0x00000000e0000000, 0x00000000f3d00000, 0x0000000100000000)
  eden space 244736K, 100% used [0x00000000e0000000,0x00000000eef00000,0x00000000eef00000)
  from space 24576K, 50% used [0x00000000eef00000,0x00000000efb14a78,0x00000000f0700000)
  to   space 23552K, 0% used [0x00000000f2600000,0x00000000f2600000,0x00000000f3d00000)
 ParOldGen       total 282112K, used 45869K [0x00000000a0000000, 0x00000000b1380000, 0x00000000e0000000)
  object space 282112K, 16% used [0x00000000a0000000,0x00000000a2ccb648,0x00000000b1380000)
 Metaspace       used 76580K, capacity 79374K, committed 79704K, reserved 1118208K
  class space    used 9827K, capacity 10505K, committed 10584K, reserved 1048576K
Event: 163.483 GC heap after
Heap after GC invocations=17 (full 3):
 PSYoungGen      total 297984K, used 23549K [0x00000000e0000000, 0x00000000f4080000, 0x0000000100000000)
  eden space 274432K, 0% used [0x00000000e0000000,0x00000000e0000000,0x00000000f0c00000)
  from space 23552K, 99% used [0x00000000f2600000,0x00000000f3cff758,0x00000000f3d00000)
  to   space 26624K, 0% used [0x00000000f0c00000,0x00000000f0c00000,0x00000000f2600000)
 ParOldGen       total 282112K, used 46320K [0x00000000a0000000, 0x00000000b1380000, 0x00000000e0000000)
  object space 282112K, 16% used [0x00000000a0000000,0x00000000a2d3c020,0x00000000b1380000)
 Metaspace       used 76580K, capacity 79374K, committed 79704K, reserved 1118208K
  class space    used 9827K, capacity 10505K, committed 10584K, reserved 1048576K
}
Event: 164.208 GC heap before
{Heap before GC invocations=18 (full 3):
 PSYoungGen      total 297984K, used 297257K [0x00000000e0000000, 0x00000000f4080000, 0x0000000100000000)
  eden space 274432K, 99% used [0x00000000e0000000,0x00000000f0b4af10,0x00000000f0c00000)
  from space 23552K, 99% used [0x00000000f2600000,0x00000000f3cff758,0x00000000f3d00000)
  to   space 26624K, 0% used [0x00000000f0c00000,0x00000000f0c00000,0x00000000f2600000)
 ParOldGen       total 282112K, used 109809K [0x00000000a0000000, 0x00000000b1380000, 0x00000000e0000000)
  object space 282112K, 38% used [0x00000000a0000000,0x00000000a6b3c400,0x00000000b1380000)
 Metaspace       used 77623K, capacity 80618K, committed 80856K, reserved 1120256K
  class space    used 9983K, capacity 10703K, committed 10712K, reserved 1048576K
Event: 164.240 GC heap after
Heap after GC invocations=18 (full 3):
 PSYoungGen      total 301056K, used 20054K [0x00000000e0000000, 0x00000000f8100000, 0x0000000100000000)
  eden space 274432K, 0% used [0x00000000e0000000,0x00000000e0000000,0x00000000f0c00000)
  from space 26624K, 75% used [0x00000000f0c00000,0x00000000f1f95a48,0x00000000f2600000)
  to   space 27648K, 0% used [0x00000000f6600000,0x00000000f6600000,0x00000000f8100000)
 ParOldGen       total 282112K, used 113039K [0x00000000a0000000, 0x00000000b1380000, 0x00000000e0000000)
  object space 282112K, 40% used [0x00000000a0000000,0x00000000a6e63d88,0x00000000b1380000)
 Metaspace       used 77623K, capacity 80618K, committed 80856K, reserved 1120256K
  class space    used 9983K, capacity 10703K, committed 10712K, reserved 1048576K
}

